[2026-03-04 12:32:28][train][INFO]: Experiment  : ELIEI_IR_RGB
[2026-03-04 12:32:28][train][INFO]: Config      : confs/IR-RGB.yaml
[2026-03-04 12:32:28][train][INFO]: Device      : cpu  (AMP=False)
[2026-03-04 12:32:28][train][INFO]: Batch size  : 1
[2026-03-04 12:32:28][train][INFO]: Crop size   : 64
[2026-03-04 12:32:29][train][INFO]: Model built. Parameters: 29,116,988
[2026-03-04 12:32:29][train][INFO]:   RRDB params : 1,660,800
[2026-03-04 12:32:29][train][INFO]:   Other params: 27,456,188
[2026-03-04 12:32:29][train][INFO]: RRDB unfreeze: at step 100000
[2026-03-04 12:32:29][train][INFO]: Training: step 0 -> 200000  (val every 1000, save every 5000)
[2026-03-04 12:34:10][train][INFO]: [100/200000]  lr=5.00e-04  nll=2327.8180  total=2327.8180  t=0.89s
[2026-03-04 12:35:50][train][INFO]: [200/200000]  lr=5.00e-04  nll=2.9932  total=2.9932  t=0.89s
[2026-03-04 12:37:32][train][INFO]: [300/200000]  lr=5.00e-04  nll=5.5121  total=5.5121  t=0.91s
[2026-03-04 12:39:41][train][INFO]: [400/200000]  lr=5.00e-04  nll=10.0223  total=10.0223  t=1.11s
[2026-03-04 12:41:43][train][INFO]: [500/200000]  lr=5.00e-04  nll=1.2536  total=1.2536  t=1.13s
[2026-03-04 12:43:49][train][INFO]: [600/200000]  lr=5.00e-04  nll=-0.7023  total=-0.7023  t=1.10s
[2026-03-04 12:45:54][train][INFO]: [700/200000]  lr=5.00e-04  nll=5.4769  total=5.4769  t=1.15s
[2026-03-04 12:47:59][train][INFO]: [800/200000]  lr=5.00e-04  nll=-2.1004  total=-2.1004  t=1.09s
[2026-03-04 12:50:06][train][INFO]: [900/200000]  lr=5.00e-04  nll=-2.0841  total=-2.0841  t=1.12s
[2026-03-04 12:52:29][train][INFO]: [1000/200000]  lr=5.00e-04  nll=-2.1713  total=-2.1713  t=1.47s
[2026-03-04 12:55:38][train][INFO]: [Val 1000] PSNR=6.4641  SSIM=0.0754
[2026-03-04 12:57:25][train][INFO]: [1100/200000]  lr=5.00e-04  nll=-2.5619  total=-2.5619  t=1.02s
[2026-03-04 12:59:17][train][INFO]: [1200/200000]  lr=5.00e-04  nll=-2.4125  total=-2.4125  t=1.10s
[2026-03-04 13:01:29][train][INFO]: [1300/200000]  lr=5.00e-04  nll=-2.5387  total=-2.5387  t=1.11s
[2026-03-04 13:03:47][train][INFO]: [1400/200000]  lr=5.00e-04  nll=-2.4410  total=-2.4410  t=1.14s
[2026-03-04 13:05:56][train][INFO]: [1500/200000]  lr=5.00e-04  nll=6755.9441  total=6755.9441  t=1.10s
[2026-03-04 13:07:42][train][INFO]: [1600/200000]  lr=5.00e-04  nll=-2.5933  total=-2.5933  t=0.92s
[2026-03-04 13:09:31][train][INFO]: [1700/200000]  lr=5.00e-04  nll=-1.4489  total=-1.4489  t=0.96s
[2026-03-04 13:11:41][train][INFO]: [1800/200000]  lr=5.00e-04  nll=-2.3847  total=-2.3847  t=1.12s
[2026-03-04 13:13:58][train][INFO]: [1900/200000]  lr=5.00e-04  nll=-2.6231  total=-2.6231  t=1.51s
[2026-03-04 13:16:10][train][INFO]: [2000/200000]  lr=5.00e-04  nll=-3.3088  total=-3.3088  t=1.13s
[2026-03-04 13:18:45][train][INFO]: [Val 2000] PSNR=7.1686  SSIM=0.3199
[2026-03-04 13:20:32][train][INFO]: [2100/200000]  lr=5.00e-04  nll=-2.4018  total=-2.4018  t=0.96s
[2026-03-04 13:22:35][train][INFO]: [2200/200000]  lr=5.00e-04  nll=-3.0644  total=-3.0644  t=1.08s
[2026-03-04 13:24:40][train][INFO]: [2300/200000]  lr=5.00e-04  nll=-2.3573  total=-2.3573  t=1.11s
[2026-03-04 13:26:43][train][INFO]: [2400/200000]  lr=5.00e-04  nll=-3.0480  total=-3.0480  t=1.09s
[2026-03-04 13:28:54][train][INFO]: [2500/200000]  lr=5.00e-04  nll=-2.7473  total=-2.7473  t=1.06s
[2026-03-04 13:31:12][train][INFO]: [2600/200000]  lr=5.00e-04  nll=-3.1509  total=-3.1509  t=1.10s
[2026-03-04 13:33:26][train][INFO]: [2700/200000]  lr=5.00e-04  nll=-2.9492  total=-2.9492  t=1.28s
[2026-03-04 13:35:34][train][INFO]: [2800/200000]  lr=5.00e-04  nll=-3.1899  total=-3.1899  t=1.24s
[2026-03-04 13:37:42][train][INFO]: [2900/200000]  lr=5.00e-04  nll=-2.8496  total=-2.8496  t=1.13s
[2026-03-04 13:40:51][train][INFO]: [3000/200000]  lr=5.00e-04  nll=-2.8681  total=-2.8681  t=6.75s
[2026-03-04 13:44:20][train][INFO]: [Val 3000] PSNR=10.0967  SSIM=0.3136
[2026-03-04 13:45:24][train][ERROR]: Step 3028 crashed: [enforce fail at alloc_cpu.cpp:121] data. DefaultCPUAllocator: not enough memory: you tried to allocate 2621440 bytes.
[2026-03-04 13:45:24][train][ERROR]: Step 3029 crashed: [enforce fail at alloc_cpu.cpp:121] data. DefaultCPUAllocator: not enough memory: you tried to allocate 2097152 bytes.
[2026-03-04 13:47:06][train][INFO]: [3100/200000]  lr=5.00e-04  nll=-3.2174  total=-3.2174  t=1.01s
[2026-03-04 13:49:38][train][INFO]: [3200/200000]  lr=5.00e-04  nll=-2.8058  total=-2.8058  t=1.19s
[2026-03-04 13:52:59][train][INFO]: [3300/200000]  lr=5.00e-04  nll=-3.1103  total=-3.1103  t=2.84s
[2026-03-04 13:55:38][train][INFO]: [3400/200000]  lr=5.00e-04  nll=-3.3317  total=-3.3317  t=1.24s
[2026-03-04 13:58:24][train][INFO]: [3500/200000]  lr=5.00e-04  nll=-2.4936  total=-2.4936  t=1.25s
[2026-03-04 14:01:15][train][INFO]: [3600/200000]  lr=5.00e-04  nll=-2.8830  total=-2.8830  t=1.41s
[2026-03-04 14:03:57][train][INFO]: [3700/200000]  lr=5.00e-04  nll=-2.8340  total=-2.8340  t=1.27s
[2026-03-04 14:06:22][train][INFO]: [3800/200000]  lr=5.00e-04  nll=-2.5025  total=-2.5025  t=1.32s
[2026-03-04 14:13:18][train][INFO]: [3900/200000]  lr=5.00e-04  nll=-3.2581  total=-3.2581  t=2.85s
[2026-03-04 14:15:16][train][ERROR]: Step 3916 crashed: [enforce fail at alloc_cpu.cpp:121] data. DefaultCPUAllocator: not enough memory: you tried to allocate 2621440 bytes.
[2026-03-05 17:17:15][train][INFO]: Experiment  : ELIEI_IR_RGB
[2026-03-05 17:17:15][train][INFO]: Config      : confs/IR-RGB-local.yaml
[2026-03-05 17:17:15][train][INFO]: Device      : cpu  (AMP=False)
[2026-03-05 17:17:15][train][INFO]: Batch size  : 1
[2026-03-05 17:17:15][train][INFO]: Crop size   : 64
[2026-03-05 17:17:16][train][INFO]: Model built. Parameters: 29,116,988
[2026-03-05 17:17:16][train][INFO]:   RRDB params : 1,660,800
[2026-03-05 17:17:16][train][INFO]:   Other params: 27,456,188
[2026-03-05 17:17:16][train][INFO]: LR scheduler: CosineAnnealing  max=5.0e-04 min=5.0e-06
[2026-03-05 17:17:16][train][INFO]: RRDB unfreeze: at step 2500
[2026-03-05 17:17:16][train][INFO]: Gradient checkpointing enabled for encoder (CPU mode).
[2026-03-05 17:17:17][train][INFO]: Resumed from experiments\ELIEI_IR_RGB\models\7000_G.pth at step 7000
[2026-03-05 17:17:17][train][INFO]: LR after resume: 1.07e-04
[2026-03-05 17:17:17][train][INFO]: Training: step 7000 -> 10000  (val every 500, save every 1000)
[2026-03-05 17:17:17][train][INFO]: [Step 7000] RRDB encoder unfrozen for training.
[2026-03-05 17:18:48][train][INFO]: [7050/10000]  lr=1.04e-04  nll=-3.0464  total=-3.0464  t=2.05s
[2026-03-05 17:20:35][train][INFO]: [7100/10000]  lr=1.01e-04  nll=-2.9268  total=-2.9268  t=1.78s

[2026-03-05 17:22:24][train][INFO]: [7150/10000]  lr=9.78e-05  nll=-3.5194  total=-3.5194  t=2.96s
[2026-03-05 17:29:35][train][INFO]: [7200/10000]  lr=9.47e-05  nll=-3.5934  total=-3.5934  t=9.12s
[2026-03-05 17:39:07][train][INFO]: [7250/10000]  lr=9.18e-05  nll=-2.5690  total=-2.5690  t=3.89s
[2026-03-05 17:51:11][train][INFO]: [7300/10000]  lr=8.88e-05  nll=-3.1901  total=-3.1901  t=17.70s

[2026-03-05 18:06:05][train][INFO]: [7350/10000]  lr=8.59e-05  nll=-3.6751  total=-3.6751  t=13.73s
[2026-03-05 18:19:53][train][INFO]: [7400/10000]  lr=8.31e-05  nll=-3.7299  total=-3.7299  t=15.36s
[2026-03-05 18:33:49][train][INFO]: [7450/10000]  lr=8.03e-05  nll=-3.4394  total=-3.4394  t=16.56s
[2026-03-05 18:42:36][train][INFO]: [7500/10000]  lr=7.75e-05  nll=-3.4882  total=-3.4882  t=2.32s
[2026-03-05 18:46:23][train][INFO]: [Val 7500] PSNR=19.0893  SSIM=0.7064
[2026-03-05 18:47:58][train][ERROR]: Step 7534 crashed: [enforce fail at alloc_cpu.cpp:121] data. DefaultCPUAllocator: not enough memory: you tried to allocate 2097152 bytes.
[2026-03-05 18:48:01][train][ERROR]: Step 7536 crashed: [enforce fail at alloc_cpu.cpp:121] data. DefaultCPUAllocator: not enough memory: you tried to allocate 2097152 bytes.
[2026-03-05 18:48:02][train][ERROR]: Step 7537 crashed: [enforce fail at alloc_cpu.cpp:121] data. DefaultCPUAllocator: not enough memory: you tried to allocate 1572864 bytes.
[2026-03-05 18:56:35][train][INFO]: Experiment  : ELIEI_IR_RGB
[2026-03-05 18:56:35][train][INFO]: Config      : confs/IR-RGB-local.yaml
[2026-03-05 18:56:35][train][INFO]: Device      : cpu  (AMP=False)
[2026-03-05 18:56:35][train][INFO]: Batch size  : 1
[2026-03-05 18:56:35][train][INFO]: Crop size   : 64
[2026-03-05 18:56:37][train][INFO]: Model built. Parameters: 29,116,988
[2026-03-05 18:56:37][train][INFO]:   RRDB params : 1,660,800
[2026-03-05 18:56:37][train][INFO]:   Other params: 27,456,188
[2026-03-05 18:56:37][train][INFO]: LR scheduler: CosineAnnealing  max=5.0e-04 min=5.0e-06
[2026-03-05 18:56:37][train][INFO]: RRDB unfreeze: at step 2500
[2026-03-05 18:56:37][train][INFO]: Gradient checkpointing enabled for encoder (CPU mode).
[2026-03-05 18:56:37][train][INFO]: Resumed from experiments\ELIEI_IR_RGB\models\7500_G.pth at step 7500
[2026-03-05 18:56:37][train][INFO]: LR after resume: 7.75e-05
[2026-03-05 18:56:37][train][INFO]: Training: step 7500 -> 10000  (val every 500, save every 1000)
[2026-03-05 18:56:37][train][INFO]: [Step 7500] RRDB encoder unfrozen for training.
[2026-03-05 18:58:37][train][INFO]: [7550/10000]  lr=7.48e-05  nll=-3.3530  total=-3.3530  t=2.32s
[2026-03-05 19:00:08][train][INFO]: [7600/10000]  lr=7.21e-05  nll=-2.8838  total=-2.8838  t=1.72s
[2026-03-05 19:01:37][train][INFO]: [7650/10000]  lr=6.94e-05  nll=-3.6654  total=-3.6654  t=1.83s
[2026-03-05 19:03:05][train][INFO]: [7700/10000]  lr=6.68e-05  nll=-3.6671  total=-3.6671  t=1.59s
[2026-03-05 19:04:33][train][INFO]: [7750/10000]  lr=6.43e-05  nll=-2.5842  total=-2.5842  t=1.57s
[2026-03-05 19:06:01][train][INFO]: [7800/10000]  lr=6.18e-05  nll=-3.2435  total=-3.2435  t=1.62s
[2026-03-05 19:07:31][train][INFO]: [7850/10000]  lr=5.93e-05  nll=-3.7388  total=-3.7388  t=1.95s
[2026-03-05 19:09:10][train][INFO]: [7900/10000]  lr=5.69e-05  nll=-3.7828  total=-3.7828  t=1.90s
[2026-03-05 19:10:44][train][INFO]: [7950/10000]  lr=5.46e-05  nll=-3.4696  total=-3.4696  t=1.63s
[2026-03-05 19:12:11][train][INFO]: [8000/10000]  lr=5.23e-05  nll=-3.5107  total=-3.5107  t=1.64s
[2026-03-05 19:12:55][train][INFO]: [Val 8000] PSNR=17.4468  SSIM=0.6491
[2026-03-05 19:14:25][train][INFO]: [8050/10000]  lr=5.00e-05  nll=-3.4424  total=-3.4424  t=1.62s
[2026-03-05 19:15:54][train][INFO]: [8100/10000]  lr=4.78e-05  nll=-3.2148  total=-3.2148  t=1.67s
[2026-03-05 19:17:20][train][INFO]: [8150/10000]  lr=4.56e-05  nll=-3.3655  total=-3.3655  t=1.57s
[2026-03-05 19:18:49][train][INFO]: [8200/10000]  lr=4.35e-05  nll=-3.4110  total=-3.4110  t=1.76s
[2026-03-05 19:20:15][train][INFO]: [8250/10000]  lr=4.15e-05  nll=-3.2113  total=-3.2113  t=1.54s
[2026-03-05 19:21:43][train][INFO]: [8300/10000]  lr=3.95e-05  nll=-3.6731  total=-3.6731  t=1.59s
[2026-03-05 19:23:10][train][INFO]: [8350/10000]  lr=3.75e-05  nll=-3.2424  total=-3.2424  t=1.64s
[2026-03-05 19:24:36][train][INFO]: [8400/10000]  lr=3.56e-05  nll=-3.5735  total=-3.5735  t=1.68s
[2026-03-05 19:26:03][train][INFO]: [8450/10000]  lr=3.38e-05  nll=-3.3462  total=-3.3462  t=1.63s
[2026-03-05 19:27:29][train][INFO]: [8500/10000]  lr=3.20e-05  nll=-3.7808  total=-3.7808  t=1.61s
[2026-03-05 19:28:07][train][INFO]: [Val 8500] PSNR=19.1312  SSIM=0.6738
[2026-03-05 19:29:36][train][INFO]: [8550/10000]  lr=3.02e-05  nll=-3.8739  total=-3.8739  t=1.74s
[2026-03-05 19:31:04][train][INFO]: [8600/10000]  lr=2.86e-05  nll=-3.1578  total=-3.1578  t=1.66s
[2026-03-05 19:32:33][train][INFO]: [8650/10000]  lr=2.69e-05  nll=-3.1664  total=-3.1664  t=1.62s
[2026-03-05 19:34:01][train][INFO]: [8700/10000]  lr=2.54e-05  nll=-3.3332  total=-3.3332  t=1.68s
[2026-03-05 19:35:29][train][INFO]: [8750/10000]  lr=2.38e-05  nll=-3.3938  total=-3.3938  t=1.88s
[2026-03-05 19:36:58][train][INFO]: [8800/10000]  lr=2.24e-05  nll=-3.5673  total=-3.5673  t=1.65s
[2026-03-05 19:38:26][train][INFO]: [8850/10000]  lr=2.10e-05  nll=-3.1916  total=-3.1916  t=1.62s
[2026-03-05 19:39:55][train][INFO]: [8900/10000]  lr=1.96e-05  nll=-3.1658  total=-3.1658  t=1.59s
[2026-03-05 19:41:24][train][INFO]: [8950/10000]  lr=1.83e-05  nll=-3.5551  total=-3.5551  t=1.63s
[2026-03-05 19:42:53][train][INFO]: [9000/10000]  lr=1.71e-05  nll=-3.6606  total=-3.6606  t=1.66s
[2026-03-05 19:43:31][train][INFO]: [Val 9000] PSNR=19.0115  SSIM=0.6766
[2026-03-05 19:45:01][train][INFO]: [9050/10000]  lr=1.59e-05  nll=-3.8138  total=-3.8138  t=1.81s
[2026-03-05 19:46:31][train][INFO]: [9100/10000]  lr=1.48e-05  nll=-3.7399  total=-3.7399  t=1.62s
[2026-03-05 19:48:00][train][INFO]: [9150/10000]  lr=1.38e-05  nll=-3.0743  total=-3.0743  t=1.71s
[2026-03-05 19:49:28][train][INFO]: [9200/10000]  lr=1.28e-05  nll=-3.2046  total=-3.2046  t=1.78s
[2026-03-05 19:50:56][train][INFO]: [9250/10000]  lr=1.18e-05  nll=-3.1091  total=-3.1091  t=1.69s
[2026-03-05 19:52:24][train][INFO]: [9300/10000]  lr=1.10e-05  nll=-3.8784  total=-3.8784  t=1.60s
[2026-03-05 19:53:52][train][INFO]: [9350/10000]  lr=1.01e-05  nll=-3.0614  total=-3.0614  t=1.61s
[2026-03-05 19:55:19][train][INFO]: [9400/10000]  lr=9.38e-06  nll=-3.8143  total=-3.8143  t=1.60s
[2026-03-05 19:56:47][train][INFO]: [9450/10000]  lr=8.69e-06  nll=-3.2904  total=-3.2904  t=1.67s
[2026-03-05 19:58:15][train][INFO]: [9500/10000]  lr=8.05e-06  nll=-3.4195  total=-3.4195  t=1.63s
[2026-03-05 19:58:52][train][INFO]: [Val 9500] PSNR=19.6658  SSIM=0.6806
[2026-03-05 20:00:21][train][INFO]: [9550/10000]  lr=7.47e-06  nll=-3.2042  total=-3.2042  t=1.61s
[2026-03-05 20:01:50][train][INFO]: [9600/10000]  lr=6.95e-06  nll=-3.7730  total=-3.7730  t=1.71s
[2026-03-05 20:03:18][train][INFO]: [9650/10000]  lr=6.49e-06  nll=-3.2797  total=-3.2797  t=1.65s
[2026-03-05 20:04:46][train][INFO]: [9700/10000]  lr=6.10e-06  nll=-3.5707  total=-3.5707  t=1.65s
[2026-03-05 20:06:14][train][INFO]: [9750/10000]  lr=5.76e-06  nll=-3.2358  total=-3.2358  t=1.72s
[2026-03-05 20:07:44][train][INFO]: [9800/10000]  lr=5.49e-06  nll=-3.3194  total=-3.3194  t=1.66s
[2026-03-05 20:09:12][train][INFO]: [9850/10000]  lr=5.27e-06  nll=-3.6086  total=-3.6086  t=1.64s
[2026-03-05 20:10:40][train][INFO]: [9900/10000]  lr=5.12e-06  nll=-3.0804  total=-3.0804  t=1.60s
[2026-03-05 20:12:14][train][INFO]: [9950/10000]  lr=5.03e-06  nll=-3.7811  total=-3.7811  t=1.58s
[2026-03-05 20:16:41][train][INFO]: [10000/10000]  lr=5.00e-06  nll=-3.8408  total=-3.8408  t=1.78s
[2026-03-05 20:17:17][train][INFO]: [Val 10000] PSNR=19.4959  SSIM=0.6907
[2026-03-05 20:17:19][train][INFO]: Training complete.  Best PSNR: 19.6658
[2026-03-06 08:32:02][train][INFO]: Experiment  : ELIEI_IR_RGB
[2026-03-06 08:32:02][train][INFO]: Config      : confs/IR-RGB-local.yaml
[2026-03-06 08:32:02][train][INFO]: Device      : cpu  (AMP=False)
[2026-03-06 08:32:02][train][INFO]: Batch size  : 1
[2026-03-06 08:32:02][train][INFO]: Crop size   : 64
[2026-03-06 08:32:03][train][INFO]: Model built. Parameters: 29,116,988
[2026-03-06 08:32:03][train][INFO]:   RRDB params : 1,660,800
[2026-03-06 08:32:03][train][INFO]:   Other params: 27,456,188
[2026-03-06 08:32:03][train][INFO]: LR scheduler: CosineAnnealing  max=5.0e-04 min=5.0e-06
[2026-03-06 08:32:03][train][INFO]: RRDB unfreeze: at step 3250
[2026-03-06 08:32:03][train][INFO]: Gradient checkpointing enabled for encoder (CPU mode).
[2026-03-06 08:32:04][train][INFO]: Resumed from experiments\ELIEI_IR_RGB\models\10000_G.pth at step 10000
[2026-03-06 08:32:04][train][INFO]: LR after resume: 6.72e-05
[2026-03-06 08:32:04][train][INFO]: Training: step 10000 -> 13000  (val every 500, save every 1000)
[2026-03-06 08:32:04][train][INFO]: [Step 10000] RRDB encoder unfrozen for training.
[2026-03-06 08:33:21][train][INFO]: [10050/13000]  lr=6.53e-05  nll=-3.3072  total=-3.3072  t=1.45s
[2026-03-06 08:34:29][train][INFO]: [10100/13000]  lr=6.33e-05  nll=-2.9467  total=-2.9467  t=1.35s
[2026-03-06 08:35:50][train][INFO]: [10150/13000]  lr=6.14e-05  nll=-3.6047  total=-3.6047  t=1.77s
[2026-03-06 08:37:23][train][INFO]: [10200/13000]  lr=5.95e-05  nll=-3.6336  total=-3.6336  t=1.66s
[2026-03-06 08:38:40][train][INFO]: [10250/13000]  lr=5.77e-05  nll=-2.6481  total=-2.6481  t=1.39s
[2026-03-06 08:39:58][train][INFO]: [10300/13000]  lr=5.58e-05  nll=-3.2748  total=-3.2748  t=1.44s
[2026-03-06 08:41:13][train][INFO]: [10350/13000]  lr=5.40e-05  nll=-3.6713  total=-3.6713  t=1.34s
[2026-03-06 08:42:55][train][INFO]: [10400/13000]  lr=5.23e-05  nll=-3.7558  total=-3.7558  t=1.95s
[2026-03-06 08:44:48][train][INFO]: [10450/13000]  lr=5.05e-05  nll=-3.4737  total=-3.4737  t=1.97s
[2026-03-06 08:46:28][train][INFO]: [10500/13000]  lr=4.88e-05  nll=-3.5103  total=-3.5103  t=1.65s
[2026-03-06 08:47:14][train][INFO]: [Val 10500] PSNR=17.2043  SSIM=0.6523
[2026-03-06 08:49:00][train][INFO]: [10550/13000]  lr=4.71e-05  nll=-3.4665  total=-3.4665  t=1.83s
[2026-03-06 08:50:33][train][INFO]: [10600/13000]  lr=4.55e-05  nll=-3.2419  total=-3.2419  t=1.82s
[2026-03-06 08:52:14][train][INFO]: [10650/13000]  lr=4.38e-05  nll=-3.3889  total=-3.3889  t=1.76s
[2026-03-06 08:53:56][train][INFO]: [10700/13000]  lr=4.23e-05  nll=-3.4311  total=-3.4311  t=1.54s
[2026-03-06 08:55:26][train][INFO]: [10750/13000]  lr=4.07e-05  nll=-3.2431  total=-3.2431  t=1.71s
[2026-03-06 08:56:55][train][INFO]: [10800/13000]  lr=3.92e-05  nll=-3.6859  total=-3.6859  t=1.55s
[2026-03-06 08:59:25][train][ERROR]: Step 10840 crashed: [enforce fail at alloc_cpu.cpp:121] data. DefaultCPUAllocator: not enough memory: you tried to allocate 1572864 bytes.
[2026-03-06 08:59:28][train][ERROR]: Step 10841 crashed: [enforce fail at alloc_cpu.cpp:121] data. DefaultCPUAllocator: not enough memory: you tried to allocate 2580480 bytes.
[2026-03-06 08:59:28][train][ERROR]: Step 10842 crashed: Unable to allocate 703. KiB for an array with shape (400, 600, 3) and data type uint8
[2026-03-06 09:25:17][train][INFO]: Experiment  : ELIEI_IR_RGB
[2026-03-06 09:25:17][train][INFO]: Config      : confs/IR-RGB-local.yaml
[2026-03-06 09:25:17][train][INFO]: Device      : cpu  (AMP=False)
[2026-03-06 09:25:17][train][INFO]: Batch size  : 1
[2026-03-06 09:25:17][train][INFO]: Crop size   : 160
[2026-03-06 09:25:18][train][INFO]: Model built. Parameters: 29,116,988
[2026-03-06 09:25:18][train][INFO]:   RRDB params : 1,660,800
[2026-03-06 09:25:18][train][INFO]:   Other params: 27,456,188
[2026-03-06 09:25:18][train][INFO]: LR scheduler: CosineAnnealing  max=5.0e-04 min=5.0e-06
[2026-03-06 09:25:18][train][INFO]: RRDB unfreeze: at step 5000
[2026-03-06 09:25:18][train][INFO]: Gradient checkpointing enabled for encoder + flow (CPU mode).
[2026-03-06 09:25:18][train][INFO]: Resumed from experiments\ELIEI_IR_RGB\models\10500_G.pth at step 10500
[2026-03-06 09:25:18][train][INFO]: LR after resume: 2.33e-04
[2026-03-06 09:25:18][train][INFO]: Training: step 10500 -> 20000  (val every 500, save every 1000)
[2026-03-06 09:25:18][train][INFO]: [Step 10500] RRDB encoder unfrozen for training.
[2026-03-06 09:38:21][train][INFO]: Experiment  : ELIEI_IR_RGB
[2026-03-06 09:38:21][train][INFO]: Config      : confs/IR-RGB-local.yaml
[2026-03-06 09:38:21][train][INFO]: Device      : cpu  (AMP=False)
[2026-03-06 09:38:21][train][INFO]: Batch size  : 1
[2026-03-06 09:38:21][train][INFO]: Crop size   : 160
[2026-03-06 09:38:22][train][INFO]: Model built. Parameters: 29,116,988
[2026-03-06 09:38:22][train][INFO]:   RRDB params : 1,660,800
[2026-03-06 09:38:22][train][INFO]:   Other params: 27,456,188
[2026-03-06 09:38:22][train][INFO]: LR scheduler: CosineAnnealing  max=5.0e-04 min=5.0e-06
[2026-03-06 09:38:22][train][INFO]: RRDB unfreeze: at step 5000
[2026-03-06 09:38:22][train][INFO]: Gradient checkpointing enabled for encoder + flow (CPU mode).
[2026-03-06 09:38:23][train][INFO]: Resumed from experiments\ELIEI_IR_RGB\models\10500_G.pth at step 10500
[2026-03-06 09:38:23][train][INFO]: LR after resume: 2.33e-04
[2026-03-06 09:38:23][train][INFO]: Training: step 10500 -> 20000  (val every 500, save every 1000)
[2026-03-06 09:38:23][train][INFO]: [Step 10500] RRDB encoder unfrozen for training.
